<?xml version="1.0" encoding="UTF-8"?>
<testng-results ignored="0" total="1" passed="1" failed="0" skipped="0">
  <reporter-output>
  </reporter-output>
  <suite started-at="2020-10-20T14:47:00 IST" name="Default suite" finished-at="2020-10-20T14:47:20 IST" duration-ms="19751">
    <groups>
    </groups>
    <test started-at="2020-10-20T14:47:00 IST" name="Default test" finished-at="2020-10-20T14:47:20 IST" duration-ms="19751">
      <class name="PriorityDemo.Test1">
        <test-method is-config="true" signature="setUp()[pri:0, instance:PriorityDemo.Test1@67a20f67]" started-at="2020-10-20T14:47:01 IST" name="setUp" finished-at="2020-10-20T14:47:07 IST" duration-ms="6750" status="PASS">
          <reporter-output>
          </reporter-output>
        </test-method> <!-- setUp -->
        <test-method signature="test1()[pri:0, instance:PriorityDemo.Test1@67a20f67]" started-at="2020-10-20T14:47:07 IST" name="test1" finished-at="2020-10-20T14:47:19 IST" duration-ms="11671" status="PASS">
          <reporter-output>
          </reporter-output>
        </test-method> <!-- test1 -->
        <test-method is-config="true" signature="tearDown()[pri:0, instance:PriorityDemo.Test1@67a20f67]" started-at="2020-10-20T14:47:19 IST" name="tearDown" finished-at="2020-10-20T14:47:20 IST" duration-ms="1269" status="PASS">
          <reporter-output>
          </reporter-output>
        </test-method> <!-- tearDown -->
      </class> <!-- PriorityDemo.Test1 -->
    </test> <!-- Default test -->
  </suite> <!-- Default suite -->
</testng-results>
